<?xml version="1.0" encoding="UTF-8"?>
<coverage generated="1695735596745" clover="3.2.0">
  <project timestamp="1695735596745" name="All files">
    <metrics statements="9" coveredstatements="9" conditionals="9" coveredconditionals="9" methods="2" coveredmethods="2" elements="20" coveredelements="20" complexity="0" loc="9" ncloc="9" packages="1" files="1" classes="1"/>
    <file name="modalUtilities.ts" path="C:\Users\pette\Python Projects\builder\frontend\svelte-app\src\utilities\modalUtilities.ts">
      <metrics statements="9" coveredstatements="9" conditionals="9" coveredconditionals="9" methods="2" coveredmethods="2"/>
      <line num="4" count="1" type="stmt"/>
      <line num="5" count="3" type="cond" truecount="4" falsecount="0"/>
      <line num="6" count="2" type="stmt"/>
      <line num="7" count="1" type="cond" truecount="1" falsecount="0"/>
      <line num="8" count="1" type="stmt"/>
      <line num="13" count="1" type="stmt"/>
      <line num="19" count="3" type="stmt"/>
      <line num="21" count="3" type="cond" truecount="4" falsecount="0"/>
      <line num="22" count="1" type="stmt"/>
    </file>
  </project>
</coverage>
