<?xml version="1.0" encoding="UTF-8"?>
<coverage generated="1704725902248" clover="3.2.0">
  <project timestamp="1704725902248" name="All files">
    <metrics statements="55" coveredstatements="37" conditionals="11" coveredconditionals="11" methods="12" coveredmethods="8" elements="78" coveredelements="56" complexity="0" loc="55" ncloc="55" packages="1" files="3" classes="3"/>
    <file name="localStorageUtilities.ts" path="C:\Development\Projects\builder\frontend\svelte-app\src\utilities\localStorageUtilities.ts">
      <metrics statements="4" coveredstatements="4" conditionals="2" coveredconditionals="2" methods="2" coveredmethods="2"/>
      <line num="3" count="1" type="stmt"/>
      <line num="4" count="1" type="stmt"/>
      <line num="7" count="1" type="stmt"/>
      <line num="8" count="2" type="cond" truecount="2" falsecount="0"/>
    </file>
    <file name="modalUtilities.ts" path="C:\Development\Projects\builder\frontend\svelte-app\src\utilities\modalUtilities.ts">
      <metrics statements="9" coveredstatements="9" conditionals="9" coveredconditionals="9" methods="2" coveredmethods="2"/>
      <line num="4" count="1" type="stmt"/>
      <line num="5" count="3" type="cond" truecount="4" falsecount="0"/>
      <line num="6" count="2" type="stmt"/>
      <line num="7" count="1" type="cond" truecount="1" falsecount="0"/>
      <line num="8" count="1" type="stmt"/>
      <line num="13" count="1" type="stmt"/>
      <line num="19" count="3" type="stmt"/>
      <line num="21" count="3" type="cond" truecount="4" falsecount="0"/>
      <line num="22" count="1" type="stmt"/>
    </file>
    <file name="userAPI.ts" path="C:\Development\Projects\builder\frontend\svelte-app\src\utilities\userAPI.ts">
      <metrics statements="42" coveredstatements="24" conditionals="0" coveredconditionals="0" methods="8" coveredmethods="4"/>
      <line num="2" count="1" type="stmt"/>
      <line num="6" count="1" type="stmt"/>
      <line num="7" count="3" type="stmt"/>
      <line num="8" count="3" type="stmt"/>
      <line num="9" count="1" type="stmt"/>
      <line num="11" count="2" type="stmt"/>
      <line num="12" count="2" type="stmt"/>
      <line num="16" count="1" type="stmt"/>
      <line num="20" count="4" type="stmt"/>
      <line num="21" count="4" type="stmt"/>
      <line num="25" count="1" type="stmt"/>
      <line num="27" count="3" type="stmt"/>
      <line num="31" count="1" type="stmt"/>
      <line num="32" count="0" type="stmt"/>
      <line num="33" count="0" type="stmt"/>
      <line num="36" count="0" type="stmt"/>
      <line num="38" count="0" type="stmt"/>
      <line num="42" count="1" type="stmt"/>
      <line num="43" count="1" type="stmt"/>
      <line num="44" count="1" type="stmt"/>
      <line num="45" count="1" type="stmt"/>
      <line num="47" count="0" type="stmt"/>
      <line num="51" count="1" type="stmt"/>
      <line num="52" count="1" type="stmt"/>
      <line num="53" count="1" type="stmt"/>
      <line num="54" count="1" type="stmt"/>
      <line num="56" count="0" type="stmt"/>
      <line num="60" count="1" type="stmt"/>
      <line num="61" count="0" type="stmt"/>
      <line num="62" count="0" type="stmt"/>
      <line num="63" count="0" type="stmt"/>
      <line num="65" count="0" type="stmt"/>
      <line num="69" count="1" type="stmt"/>
      <line num="70" count="0" type="stmt"/>
      <line num="71" count="0" type="stmt"/>
      <line num="72" count="0" type="stmt"/>
      <line num="74" count="0" type="stmt"/>
      <line num="78" count="1" type="stmt"/>
      <line num="79" count="0" type="stmt"/>
      <line num="80" count="0" type="stmt"/>
      <line num="81" count="0" type="stmt"/>
      <line num="83" count="0" type="stmt"/>
    </file>
  </project>
</coverage>
