{"C:\\Users\\pette\\Python Projects\\builder\\frontend\\svelte-app\\src\\utilities\\localStorageUtilities.ts": {"path":"C:\\Users\\pette\\Python Projects\\builder\\frontend\\svelte-app\\src\\utilities\\localStorageUtilities.ts","statementMap":{"0":{"start":{"line":3,"column":35},"end":{"line":5,"column":3}},"1":{"start":{"line":4,"column":4},"end":{"line":4,"column":37}},"2":{"start":{"line":3,"column":13},"end":{"line":3,"column":35}},"3":{"start":{"line":7,"column":37},"end":{"line":9,"column":3}},"4":{"start":{"line":8,"column":4},"end":{"line":8,"column":53}},"5":{"start":{"line":7,"column":15},"end":{"line":7,"column":37}}},"fnMap":{"0":{"name":"(anonymous_0)","decl":{"start":{"line":3,"column":35},"end":{"line":3,"column":36}},"loc":{"start":{"line":3,"column":66},"end":{"line":5,"column":3}}},"1":{"name":"(anonymous_1)","decl":{"start":{"line":7,"column":37},"end":{"line":7,"column":38}},"loc":{"start":{"line":7,"column":75},"end":{"line":9,"column":3}}}},"branchMap":{"0":{"loc":{"start":{"line":8,"column":11},"end":{"line":8,"column":52}},"type":"binary-expr","locations":[{"start":{"line":8,"column":11},"end":{"line":8,"column":36}},{"start":{"line":8,"column":40},"end":{"line":8,"column":52}}]}},"s":{"0":1,"1":1,"2":1,"3":1,"4":2,"5":1},"f":{"0":1,"1":2},"b":{"0":[2,1]}}
,"C:\\Users\\pette\\Python Projects\\builder\\frontend\\svelte-app\\src\\utilities\\modalUtilities.ts": {"path":"C:\\Users\\pette\\Python Projects\\builder\\frontend\\svelte-app\\src\\utilities\\modalUtilities.ts","statementMap":{"0":{"start":{"line":4,"column":35},"end":{"line":10,"column":1}},"1":{"start":{"line":5,"column":2},"end":{"line":9,"column":null}},"2":{"start":{"line":6,"column":4},"end":{"line":6,"column":13}},"3":{"start":{"line":7,"column":9},"end":{"line":9,"column":null}},"4":{"start":{"line":8,"column":4},"end":{"line":8,"column":17}},"5":{"start":{"line":4,"column":13},"end":{"line":4,"column":35}},"6":{"start":{"line":13,"column":34},"end":{"line":24,"column":3}},"7":{"start":{"line":19,"column":26},"end":{"line":19,"column":53}},"8":{"start":{"line":21,"column":4},"end":{"line":23,"column":null}},"9":{"start":{"line":22,"column":6},"end":{"line":22,"column":16}},"10":{"start":{"line":13,"column":13},"end":{"line":13,"column":34}}},"fnMap":{"0":{"name":"(anonymous_0)","decl":{"start":{"line":4,"column":35},"end":{"line":4,"column":36}},"loc":{"start":{"line":4,"column":100},"end":{"line":10,"column":1}}},"1":{"name":"(anonymous_1)","decl":{"start":{"line":13,"column":34},"end":{"line":13,"column":null}},"loc":{"start":{"line":18,"column":6},"end":{"line":24,"column":3}}}},"branchMap":{"0":{"loc":{"start":{"line":5,"column":2},"end":{"line":9,"column":null}},"type":"if","locations":[{"start":{"line":5,"column":2},"end":{"line":9,"column":null}},{"start":{"line":7,"column":9},"end":{"line":9,"column":null}}]},"1":{"loc":{"start":{"line":5,"column":6},"end":{"line":5,"column":48}},"type":"binary-expr","locations":[{"start":{"line":5,"column":6},"end":{"line":5,"column":27}},{"start":{"line":5,"column":31},"end":{"line":5,"column":48}}]},"2":{"loc":{"start":{"line":7,"column":9},"end":{"line":9,"column":null}},"type":"if","locations":[{"start":{"line":7,"column":9},"end":{"line":9,"column":null}}]},"3":{"loc":{"start":{"line":21,"column":4},"end":{"line":23,"column":null}},"type":"if","locations":[{"start":{"line":21,"column":4},"end":{"line":23,"column":null}}]},"4":{"loc":{"start":{"line":21,"column":8},"end":{"line":21,"column":89}},"type":"binary-expr","locations":[{"start":{"line":21,"column":8},"end":{"line":21,"column":16}},{"start":{"line":21,"column":20},"end":{"line":21,"column":52}},{"start":{"line":21,"column":56},"end":{"line":21,"column":89}}]}},"s":{"0":1,"1":3,"2":2,"3":1,"4":1,"5":1,"6":1,"7":3,"8":3,"9":1,"10":1},"f":{"0":3,"1":3},"b":{"0":[2,1],"1":[3,2],"2":[1],"3":[1],"4":[3,3,2]}}
,"C:\\Users\\pette\\Python Projects\\builder\\frontend\\svelte-app\\src\\utilities\\userAPI.ts": {"path":"C:\\Users\\pette\\Python Projects\\builder\\frontend\\svelte-app\\src\\utilities\\userAPI.ts","statementMap":{"0":{"start":{"line":2,"column":0},"end":{"line":2,"column":24}},"1":{"start":{"line":5,"column":25},"end":{"line":13,"column":1}},"2":{"start":{"line":6,"column":2},"end":{"line":12,"column":null}},"3":{"start":{"line":7,"column":21},"end":{"line":7,"column":55}},"4":{"start":{"line":8,"column":4},"end":{"line":8,"column":25}},"5":{"start":{"line":10,"column":4},"end":{"line":10,"column":23}},"6":{"start":{"line":11,"column":4},"end":{"line":11,"column":16}},"7":{"start":{"line":5,"column":13},"end":{"line":5,"column":25}},"8":{"start":{"line":15,"column":28},"end":{"line":25,"column":1}},"9":{"start":{"line":16,"column":2},"end":{"line":24,"column":null}},"10":{"start":{"line":17,"column":21},"end":{"line":20,"column":6}},"11":{"start":{"line":21,"column":4},"end":{"line":21,"column":25}},"12":{"start":{"line":23,"column":4},"end":{"line":23,"column":16}},"13":{"start":{"line":15,"column":13},"end":{"line":15,"column":28}},"14":{"start":{"line":27,"column":33},"end":{"line":36,"column":1}},"15":{"start":{"line":28,"column":2},"end":{"line":35,"column":null}},"16":{"start":{"line":29,"column":21},"end":{"line":31,"column":6}},"17":{"start":{"line":32,"column":4},"end":{"line":32,"column":25}},"18":{"start":{"line":34,"column":4},"end":{"line":34,"column":16}},"19":{"start":{"line":27,"column":13},"end":{"line":27,"column":33}},"20":{"start":{"line":38,"column":26},"end":{"line":45,"column":1}},"21":{"start":{"line":39,"column":2},"end":{"line":44,"column":null}},"22":{"start":{"line":40,"column":21},"end":{"line":40,"column":47}},"23":{"start":{"line":41,"column":4},"end":{"line":41,"column":20}},"24":{"start":{"line":43,"column":4},"end":{"line":43,"column":16}},"25":{"start":{"line":38,"column":13},"end":{"line":38,"column":26}},"26":{"start":{"line":47,"column":35},"end":{"line":54,"column":1}},"27":{"start":{"line":48,"column":2},"end":{"line":53,"column":null}},"28":{"start":{"line":49,"column":21},"end":{"line":49,"column":58}},"29":{"start":{"line":50,"column":4},"end":{"line":50,"column":20}},"30":{"start":{"line":52,"column":4},"end":{"line":52,"column":16}},"31":{"start":{"line":47,"column":13},"end":{"line":47,"column":35}}},"fnMap":{"0":{"name":"(anonymous_1)","decl":{"start":{"line":5,"column":25},"end":{"line":5,"column":30}},"loc":{"start":{"line":5,"column":66},"end":{"line":13,"column":1}}},"1":{"name":"(anonymous_2)","decl":{"start":{"line":15,"column":28},"end":{"line":15,"column":33}},"loc":{"start":{"line":15,"column":81},"end":{"line":25,"column":1}}},"2":{"name":"(anonymous_3)","decl":{"start":{"line":27,"column":33},"end":{"line":27,"column":38}},"loc":{"start":{"line":27,"column":64},"end":{"line":36,"column":1}}},"3":{"name":"(anonymous_4)","decl":{"start":{"line":38,"column":26},"end":{"line":38,"column":31}},"loc":{"start":{"line":38,"column":51},"end":{"line":45,"column":1}}},"4":{"name":"(anonymous_5)","decl":{"start":{"line":47,"column":35},"end":{"line":47,"column":40}},"loc":{"start":{"line":47,"column":60},"end":{"line":54,"column":1}}}},"branchMap":{},"s":{"0":1,"1":1,"2":3,"3":3,"4":1,"5":2,"6":2,"7":1,"8":1,"9":4,"10":4,"11":1,"12":3,"13":1,"14":1,"15":0,"16":0,"17":0,"18":0,"19":1,"20":1,"21":1,"22":1,"23":1,"24":0,"25":1,"26":1,"27":1,"28":1,"29":1,"30":0,"31":1},"f":{"0":3,"1":4,"2":0,"3":1,"4":1},"b":{}}
}
