{"C:\\Users\\pette\\Python Projects\\builder\\frontend\\svelte-app\\src\\utilities\\userAPI.ts": {"path":"C:\\Users\\pette\\Python Projects\\builder\\frontend\\svelte-app\\src\\utilities\\userAPI.ts","statementMap":{"0":{"start":{"line":2,"column":0},"end":{"line":2,"column":24}},"1":{"start":{"line":5,"column":25},"end":{"line":13,"column":1}},"2":{"start":{"line":6,"column":2},"end":{"line":12,"column":null}},"3":{"start":{"line":7,"column":21},"end":{"line":7,"column":55}},"4":{"start":{"line":8,"column":4},"end":{"line":8,"column":25}},"5":{"start":{"line":10,"column":4},"end":{"line":10,"column":23}},"6":{"start":{"line":11,"column":4},"end":{"line":11,"column":16}},"7":{"start":{"line":5,"column":13},"end":{"line":5,"column":25}},"8":{"start":{"line":15,"column":28},"end":{"line":25,"column":1}},"9":{"start":{"line":16,"column":2},"end":{"line":24,"column":null}},"10":{"start":{"line":17,"column":21},"end":{"line":20,"column":6}},"11":{"start":{"line":21,"column":4},"end":{"line":21,"column":25}},"12":{"start":{"line":23,"column":4},"end":{"line":23,"column":16}},"13":{"start":{"line":15,"column":13},"end":{"line":15,"column":28}},"14":{"start":{"line":27,"column":33},"end":{"line":36,"column":1}},"15":{"start":{"line":28,"column":2},"end":{"line":35,"column":null}},"16":{"start":{"line":29,"column":21},"end":{"line":31,"column":6}},"17":{"start":{"line":32,"column":4},"end":{"line":32,"column":25}},"18":{"start":{"line":34,"column":4},"end":{"line":34,"column":16}},"19":{"start":{"line":27,"column":13},"end":{"line":27,"column":33}},"20":{"start":{"line":38,"column":26},"end":{"line":45,"column":1}},"21":{"start":{"line":39,"column":2},"end":{"line":44,"column":null}},"22":{"start":{"line":40,"column":21},"end":{"line":40,"column":47}},"23":{"start":{"line":41,"column":4},"end":{"line":41,"column":20}},"24":{"start":{"line":43,"column":4},"end":{"line":43,"column":16}},"25":{"start":{"line":38,"column":13},"end":{"line":38,"column":26}},"26":{"start":{"line":47,"column":35},"end":{"line":54,"column":1}},"27":{"start":{"line":48,"column":2},"end":{"line":53,"column":null}},"28":{"start":{"line":49,"column":21},"end":{"line":49,"column":58}},"29":{"start":{"line":50,"column":4},"end":{"line":50,"column":20}},"30":{"start":{"line":52,"column":4},"end":{"line":52,"column":16}},"31":{"start":{"line":47,"column":13},"end":{"line":47,"column":35}}},"fnMap":{"0":{"name":"(anonymous_1)","decl":{"start":{"line":5,"column":25},"end":{"line":5,"column":30}},"loc":{"start":{"line":5,"column":66},"end":{"line":13,"column":1}}},"1":{"name":"(anonymous_2)","decl":{"start":{"line":15,"column":28},"end":{"line":15,"column":33}},"loc":{"start":{"line":15,"column":81},"end":{"line":25,"column":1}}},"2":{"name":"(anonymous_3)","decl":{"start":{"line":27,"column":33},"end":{"line":27,"column":38}},"loc":{"start":{"line":27,"column":64},"end":{"line":36,"column":1}}},"3":{"name":"(anonymous_4)","decl":{"start":{"line":38,"column":26},"end":{"line":38,"column":31}},"loc":{"start":{"line":38,"column":51},"end":{"line":45,"column":1}}},"4":{"name":"(anonymous_5)","decl":{"start":{"line":47,"column":35},"end":{"line":47,"column":40}},"loc":{"start":{"line":47,"column":60},"end":{"line":54,"column":1}}}},"branchMap":{},"s":{"0":1,"1":1,"2":3,"3":3,"4":1,"5":2,"6":2,"7":1,"8":1,"9":0,"10":0,"11":0,"12":0,"13":1,"14":1,"15":0,"16":0,"17":0,"18":0,"19":1,"20":1,"21":0,"22":0,"23":0,"24":0,"25":1,"26":1,"27":0,"28":0,"29":0,"30":0,"31":1},"f":{"0":3,"1":0,"2":0,"3":0,"4":0},"b":{}}
}
