TN:
SF:src\utilities\localStorageUtilities.ts
FN:3,(anonymous_0)
FN:7,(anonymous_1)
FNF:2
FNH:2
FNDA:1,(anonymous_0)
FNDA:2,(anonymous_1)
DA:3,1
DA:4,1
DA:7,1
DA:8,2
LF:4
LH:4
BRDA:8,0,0,2
BRDA:8,0,1,1
BRF:2
BRH:2
end_of_record
TN:
SF:src\utilities\modalUtilities.ts
FN:4,(anonymous_0)
FN:13,(anonymous_1)
FNF:2
FNH:2
FNDA:3,(anonymous_0)
FNDA:3,(anonymous_1)
DA:4,1
DA:5,3
DA:6,2
DA:7,1
DA:8,1
DA:13,1
DA:19,3
DA:21,3
DA:22,1
LF:9
LH:9
BRDA:5,0,0,2
BRDA:5,0,1,1
BRDA:5,1,0,3
BRDA:5,1,1,2
BRDA:7,2,0,1
BRDA:21,3,0,1
BRDA:21,4,0,3
BRDA:21,4,1,3
BRDA:21,4,2,2
BRF:9
BRH:9
end_of_record
TN:
SF:src\utilities\userAPI.ts
FN:6,(anonymous_1)
FN:16,(anonymous_2)
FN:31,(anonymous_3)
FN:42,(anonymous_4)
FN:51,(anonymous_5)
FN:63,(anonymous_6)
FN:72,(anonymous_7)
FN:81,(anonymous_8)
FNF:8
FNH:4
FNDA:3,(anonymous_1)
FNDA:4,(anonymous_2)
FNDA:0,(anonymous_3)
FNDA:1,(anonymous_4)
FNDA:1,(anonymous_5)
FNDA:0,(anonymous_6)
FNDA:0,(anonymous_7)
FNDA:0,(anonymous_8)
DA:2,1
DA:6,1
DA:7,3
DA:8,3
DA:9,1
DA:11,2
DA:12,2
DA:16,1
DA:20,4
DA:21,4
DA:25,1
DA:27,3
DA:31,1
DA:32,0
DA:33,0
DA:36,0
DA:38,0
DA:42,1
DA:43,1
DA:44,1
DA:45,1
DA:47,0
DA:51,1
DA:52,1
DA:53,1
DA:54,1
DA:56,0
DA:63,1
DA:64,0
DA:65,0
DA:66,0
DA:68,0
DA:72,1
DA:73,0
DA:74,0
DA:75,0
DA:77,0
DA:81,1
DA:82,0
DA:83,0
DA:84,0
DA:86,0
LF:42
LH:24
BRF:0
BRH:0
end_of_record
