TN:
SF:src\utilities\localStorageUtilities.ts
FN:3,(anonymous_0)
FN:7,(anonymous_1)
FNF:2
FNH:2
FNDA:1,(anonymous_0)
FNDA:2,(anonymous_1)
DA:3,1
DA:4,1
DA:7,1
DA:8,2
LF:4
LH:4
BRDA:8,0,0,2
BRDA:8,0,1,1
BRF:2
BRH:2
end_of_record
TN:
SF:src\utilities\modalUtilities.ts
FN:4,(anonymous_0)
FN:13,(anonymous_1)
FNF:2
FNH:2
FNDA:3,(anonymous_0)
FNDA:3,(anonymous_1)
DA:4,1
DA:5,3
DA:6,2
DA:7,1
DA:8,1
DA:13,1
DA:19,3
DA:21,3
DA:22,1
LF:9
LH:9
BRDA:5,0,0,2
BRDA:5,0,1,1
BRDA:5,1,0,3
BRDA:5,1,1,2
BRDA:7,2,0,1
BRDA:21,3,0,1
BRDA:21,4,0,3
BRDA:21,4,1,3
BRDA:21,4,2,2
BRF:9
BRH:9
end_of_record
TN:
SF:src\utilities\userAPI.ts
FN:5,(anonymous_1)
FN:15,(anonymous_2)
FN:27,(anonymous_3)
FN:38,(anonymous_4)
FN:47,(anonymous_5)
FNF:5
FNH:4
FNDA:3,(anonymous_1)
FNDA:4,(anonymous_2)
FNDA:0,(anonymous_3)
FNDA:1,(anonymous_4)
FNDA:1,(anonymous_5)
DA:2,1
DA:5,1
DA:6,3
DA:7,3
DA:8,1
DA:10,2
DA:11,2
DA:15,1
DA:16,4
DA:17,4
DA:21,1
DA:23,3
DA:27,1
DA:28,0
DA:29,0
DA:32,0
DA:34,0
DA:38,1
DA:39,1
DA:40,1
DA:41,1
DA:43,0
DA:47,1
DA:48,1
DA:49,1
DA:50,1
DA:52,0
LF:27
LH:21
BRF:0
BRH:0
end_of_record
